{"numFailedTestSuites":1,"numFailedTests":2,"numPassedTestSuites":0,"numPassedTests":5,"numPendingTestSuites":0,"numPendingTests":1,"numRuntimeErrorTestSuites":0,"numTodoTests":0,"numTotalTestSuites":1,"numTotalTests":8,"openHandles":[],"snapshot":{"added":0,"didUpdate":false,"failure":false,"filesAdded":0,"filesRemoved":0,"filesRemovedList":[],"filesUnmatched":0,"filesUpdated":0,"matched":0,"total":0,"unchecked":0,"uncheckedKeysByFile":[],"unmatched":0,"updated":0},"startTime":1762118693972,"success":false,"testResults":[{"assertionResults":[{"ancestorTitles":["Sample tests"],"duration":2,"failureDetails":[],"failureMessages":[],"fullName":"Sample tests passes basic assertion","invocations":1,"location":null,"numPassingAsserts":1,"retryReasons":[],"status":"passed","title":"passes basic assertion"},{"ancestorTitles":["Sample tests"],"duration":1,"failureDetails":[],"failureMessages":[],"fullName":"Sample tests passes string match","invocations":1,"location":null,"numPassingAsserts":1,"retryReasons":[],"status":"passed","title":"passes string match"},{"ancestorTitles":["Sample tests"],"duration":0,"failureDetails":[],"failureMessages":[],"fullName":"Sample tests passes array check","invocations":1,"location":null,"numPassingAsserts":1,"retryReasons":[],"status":"passed","title":"passes array check"},{"ancestorTitles":["Sample tests"],"duration":0,"failureDetails":[],"failureMessages":[],"fullName":"Sample tests passes object check","invocations":1,"location":null,"numPassingAsserts":1,"retryReasons":[],"status":"passed","title":"passes object check"},{"ancestorTitles":["Sample tests"],"duration":1,"failureDetails":[],"failureMessages":[],"fullName":"Sample tests passes async check","invocations":1,"location":null,"numPassingAsserts":1,"retryReasons":[],"status":"passed","title":"passes async check"},{"ancestorTitles":["Sample tests"],"duration":2,"failureDetails":[{"matcherResult":{"actual":2,"expected":3,"message":"expect(received).toBe(expected) // Object.is equality\n\nExpected: 3\nReceived: 2","name":"toBe","pass":false}}],"failureMessages":["Error: expect(received).toBe(expected) // Object.is equality\n\nExpected: 3\nReceived: 2\n    at Object.<anonymous> (/workspace/test/sample.test.js:24:19)\n    at Promise.then.completed (/workspace/node_modules/jest-circus/build/utils.js:298:28)\n    at new Promise (<anonymous>)\n    at callAsyncCircusFn (/workspace/node_modules/jest-circus/build/utils.js:231:10)\n    at _callCircusTest (/workspace/node_modules/jest-circus/build/run.js:316:40)\n    at processTicksAndRejections (node:internal/process/task_queues:95:5)\n    at _runTest (/workspace/node_modules/jest-circus/build/run.js:252:3)\n    at _runTestsForDescribeBlock (/workspace/node_modules/jest-circus/build/run.js:126:9)\n    at _runTestsForDescribeBlock (/workspace/node_modules/jest-circus/build/run.js:121:9)\n    at run (/workspace/node_modules/jest-circus/build/run.js:71:3)\n    at runAndTransformResultsToJestFormat (/workspace/node_modules/jest-circus/build/legacy-code-todo-rewrite/jestAdapterInit.js:122:21)\n    at jestAdapter (/workspace/node_modules/jest-circus/build/legacy-code-todo-rewrite/jestAdapter.js:79:19)\n    at runTestInternal (/workspace/node_modules/jest-runner/build/runTest.js:367:16)\n    at runTest (/workspace/node_modules/jest-runner/build/runTest.js:444:34)"],"fullName":"Sample tests fails deliberately","invocations":1,"location":null,"numPassingAsserts":0,"retryReasons":[],"status":"failed","title":"fails deliberately"},{"ancestorTitles":["Sample tests"],"duration":0,"failureDetails":[{}],"failureMessages":["Error: Async test failed\n    at Object.<anonymous> (/workspace/test/sample.test.js:29:11)\n    at processTicksAndRejections (node:internal/process/task_queues:95:5)"],"fullName":"Sample tests fails with async error","invocations":1,"location":null,"numPassingAsserts":0,"retryReasons":[],"status":"failed","title":"fails with async error"},{"ancestorTitles":["Sample tests"],"duration":null,"failureDetails":[],"failureMessages":[],"fullName":"Sample tests skipped test","invocations":1,"location":null,"numPassingAsserts":0,"retryReasons":[],"status":"pending","title":"skipped test"}],"endTime":1762118694235,"message":"  ● Sample tests › fails deliberately\n\n    expect(received).toBe(expected) // Object.is equality\n\n    Expected: 3\n    Received: 2\n\n      22 |\n      23 |   it('fails deliberately', () => {\n    > 24 |     expect(1 + 1).toBe(3) // Deliberate failure\n         |                   ^\n      25 |   })\n      26 |\n      27 |   it('fails with async error', async () => {\n\n      at Object.<anonymous> (test/sample.test.js:24:19)\n\n  ● Sample tests › fails with async error\n\n    Async test failed\n\n      27 |   it('fails with async error', async () => {\n      28 |     await Promise.resolve()\n    > 29 |     throw new Error('Async test failed')\n         |           ^\n      30 |   })\n      31 |\n      32 |   it.skip('skipped test', () => {\n\n      at Object.<anonymous> (test/sample.test.js:29:11)\n","name":"/workspace/test/sample.test.js","startTime":1762118694007,"status":"failed","summary":""}],"wasInterrupted":false}
